0 info it worked if it ends with ok
1 verbose cli [ 'F:\\03\\node\\node.exe',
1 verbose cli   'F:\\03\\node\\node_modules\\npm\\bin\\npm-cli.js',
1 verbose cli   'install' ]
2 info using npm@3.10.10
3 info using node@v6.11.3
4 silly loadCurrentTree Starting
5 silly install loadCurrentTree
6 silly install readLocalPackageData
7 silly install normalizeTree
8 silly loadCurrentTree Finishing
9 silly loadIdealTree Starting
10 silly install loadIdealTree
11 silly cloneCurrentTree Starting
12 silly install cloneCurrentTreeToIdealTree
13 silly cloneCurrentTree Finishing
14 silly loadShrinkwrap Starting
15 silly install loadShrinkwrap
16 silly loadShrinkwrap Finishing
17 silly loadAllDepsIntoIdealTree Starting
18 silly install loadAllDepsIntoIdealTree
19 silly fetchNamedPackageData gulp
20 silly mapToRegistry name gulp
21 silly mapToRegistry using default registry
22 silly mapToRegistry registry https://registry.npmjs.org/
23 silly mapToRegistry data Result {
23 silly mapToRegistry   raw: 'gulp',
23 silly mapToRegistry   scope: null,
23 silly mapToRegistry   escapedName: 'gulp',
23 silly mapToRegistry   name: 'gulp',
23 silly mapToRegistry   rawSpec: '',
23 silly mapToRegistry   spec: 'latest',
23 silly mapToRegistry   type: 'tag' }
24 silly mapToRegistry uri https://registry.npmjs.org/gulp
25 silly fetchNamedPackageData gulp-clean-css
26 silly mapToRegistry name gulp-clean-css
27 silly mapToRegistry using default registry
28 silly mapToRegistry registry https://registry.npmjs.org/
29 silly mapToRegistry data Result {
29 silly mapToRegistry   raw: 'gulp-clean-css',
29 silly mapToRegistry   scope: null,
29 silly mapToRegistry   escapedName: 'gulp-clean-css',
29 silly mapToRegistry   name: 'gulp-clean-css',
29 silly mapToRegistry   rawSpec: '',
29 silly mapToRegistry   spec: 'latest',
29 silly mapToRegistry   type: 'tag' }
30 silly mapToRegistry uri https://registry.npmjs.org/gulp-clean-css
31 silly fetchNamedPackageData gulp-rename
32 silly mapToRegistry name gulp-rename
33 silly mapToRegistry using default registry
34 silly mapToRegistry registry https://registry.npmjs.org/
35 silly mapToRegistry data Result {
35 silly mapToRegistry   raw: 'gulp-rename',
35 silly mapToRegistry   scope: null,
35 silly mapToRegistry   escapedName: 'gulp-rename',
35 silly mapToRegistry   name: 'gulp-rename',
35 silly mapToRegistry   rawSpec: '',
35 silly mapToRegistry   spec: 'latest',
35 silly mapToRegistry   type: 'tag' }
36 silly mapToRegistry uri https://registry.npmjs.org/gulp-rename
37 silly fetchNamedPackageData gulp-sass
38 silly mapToRegistry name gulp-sass
39 silly mapToRegistry using default registry
40 silly mapToRegistry registry https://registry.npmjs.org/
41 silly mapToRegistry data Result {
41 silly mapToRegistry   raw: 'gulp-sass',
41 silly mapToRegistry   scope: null,
41 silly mapToRegistry   escapedName: 'gulp-sass',
41 silly mapToRegistry   name: 'gulp-sass',
41 silly mapToRegistry   rawSpec: '',
41 silly mapToRegistry   spec: 'latest',
41 silly mapToRegistry   type: 'tag' }
42 silly mapToRegistry uri https://registry.npmjs.org/gulp-sass
43 verbose request uri https://registry.npmjs.org/gulp
44 verbose request no auth needed
45 info attempt registry request try #1 at 16:46:48
46 verbose request id 40652295ebec2aa1
47 http request GET https://registry.npmjs.org/gulp
48 verbose request uri https://registry.npmjs.org/gulp-clean-css
49 verbose request no auth needed
50 info attempt registry request try #1 at 16:46:48
51 http request GET https://registry.npmjs.org/gulp-clean-css
52 verbose request uri https://registry.npmjs.org/gulp-rename
53 verbose request no auth needed
54 info attempt registry request try #1 at 16:46:48
55 http request GET https://registry.npmjs.org/gulp-rename
56 verbose request uri https://registry.npmjs.org/gulp-sass
57 verbose request no auth needed
58 info attempt registry request try #1 at 16:46:48
59 http request GET https://registry.npmjs.org/gulp-sass
60 info retry will retry, error on last attempt: Error: getaddrinfo ENOTFOUND registry.npmjs.org registry.npmjs.org:443
61 info retry will retry, error on last attempt: Error: getaddrinfo ENOTFOUND registry.npmjs.org registry.npmjs.org:443
62 info retry will retry, error on last attempt: Error: getaddrinfo ENOTFOUND registry.npmjs.org registry.npmjs.org:443
63 info retry will retry, error on last attempt: Error: getaddrinfo ENOTFOUND registry.npmjs.org registry.npmjs.org:443
64 info attempt registry request try #2 at 16:47:10
65 http request GET https://registry.npmjs.org/gulp
66 info attempt registry request try #2 at 16:47:10
67 http request GET https://registry.npmjs.org/gulp-clean-css
68 info attempt registry request try #2 at 16:47:10
69 http request GET https://registry.npmjs.org/gulp-rename
70 info attempt registry request try #2 at 16:47:10
71 http request GET https://registry.npmjs.org/gulp-sass
72 info retry will retry, error on last attempt: Error: getaddrinfo ENOTFOUND registry.npmjs.org registry.npmjs.org:443
73 info retry will retry, error on last attempt: Error: getaddrinfo ENOTFOUND registry.npmjs.org registry.npmjs.org:443
74 info retry will retry, error on last attempt: Error: getaddrinfo ENOTFOUND registry.npmjs.org registry.npmjs.org:443
75 info retry will retry, error on last attempt: Error: getaddrinfo ENOTFOUND registry.npmjs.org registry.npmjs.org:443
76 info attempt registry request try #3 at 16:48:22
77 http request GET https://registry.npmjs.org/gulp
78 info attempt registry request try #3 at 16:48:22
79 http request GET https://registry.npmjs.org/gulp-clean-css
80 info attempt registry request try #3 at 16:48:22
81 http request GET https://registry.npmjs.org/gulp-rename
82 info attempt registry request try #3 at 16:48:22
83 http request GET https://registry.npmjs.org/gulp-sass
84 silly fetchPackageMetaData Error: getaddrinfo ENOTFOUND registry.npmjs.org registry.npmjs.org:443
84 silly fetchPackageMetaData     at errnoException (dns.js:28:10)
84 silly fetchPackageMetaData     at GetAddrInfoReqWrap.onlookup [as oncomplete] (dns.js:76:26)
84 silly fetchPackageMetaData  error for gulp@^3.5.6 { Error: getaddrinfo ENOTFOUND registry.npmjs.org registry.npmjs.org:443
84 silly fetchPackageMetaData     at errnoException (dns.js:28:10)
84 silly fetchPackageMetaData     at GetAddrInfoReqWrap.onlookup [as oncomplete] (dns.js:76:26)
84 silly fetchPackageMetaData   code: 'ENOTFOUND',
84 silly fetchPackageMetaData   errno: 'ENOTFOUND',
84 silly fetchPackageMetaData   syscall: 'getaddrinfo',
84 silly fetchPackageMetaData   hostname: 'registry.npmjs.org',
84 silly fetchPackageMetaData   host: 'registry.npmjs.org',
84 silly fetchPackageMetaData   port: 443 }
85 silly fetchPackageMetaData Error: getaddrinfo ENOTFOUND registry.npmjs.org registry.npmjs.org:443
85 silly fetchPackageMetaData     at errnoException (dns.js:28:10)
85 silly fetchPackageMetaData     at GetAddrInfoReqWrap.onlookup [as oncomplete] (dns.js:76:26)
85 silly fetchPackageMetaData  error for gulp-clean-css@^3.7.0 { Error: getaddrinfo ENOTFOUND registry.npmjs.org registry.npmjs.org:443
85 silly fetchPackageMetaData     at errnoException (dns.js:28:10)
85 silly fetchPackageMetaData     at GetAddrInfoReqWrap.onlookup [as oncomplete] (dns.js:76:26)
85 silly fetchPackageMetaData   code: 'ENOTFOUND',
85 silly fetchPackageMetaData   errno: 'ENOTFOUND',
85 silly fetchPackageMetaData   syscall: 'getaddrinfo',
85 silly fetchPackageMetaData   hostname: 'registry.npmjs.org',
85 silly fetchPackageMetaData   host: 'registry.npmjs.org',
85 silly fetchPackageMetaData   port: 443 }
86 silly fetchPackageMetaData Error: getaddrinfo ENOTFOUND registry.npmjs.org registry.npmjs.org:443
86 silly fetchPackageMetaData     at errnoException (dns.js:28:10)
86 silly fetchPackageMetaData     at GetAddrInfoReqWrap.onlookup [as oncomplete] (dns.js:76:26)
86 silly fetchPackageMetaData  error for gulp-rename@^1.2.0 { Error: getaddrinfo ENOTFOUND registry.npmjs.org registry.npmjs.org:443
86 silly fetchPackageMetaData     at errnoException (dns.js:28:10)
86 silly fetchPackageMetaData     at GetAddrInfoReqWrap.onlookup [as oncomplete] (dns.js:76:26)
86 silly fetchPackageMetaData   code: 'ENOTFOUND',
86 silly fetchPackageMetaData   errno: 'ENOTFOUND',
86 silly fetchPackageMetaData   syscall: 'getaddrinfo',
86 silly fetchPackageMetaData   hostname: 'registry.npmjs.org',
86 silly fetchPackageMetaData   host: 'registry.npmjs.org',
86 silly fetchPackageMetaData   port: 443 }
87 silly fetchPackageMetaData Error: getaddrinfo ENOTFOUND registry.npmjs.org registry.npmjs.org:443
87 silly fetchPackageMetaData     at errnoException (dns.js:28:10)
87 silly fetchPackageMetaData     at GetAddrInfoReqWrap.onlookup [as oncomplete] (dns.js:76:26)
87 silly fetchPackageMetaData  error for gulp-sass@^3.1.0 { Error: getaddrinfo ENOTFOUND registry.npmjs.org registry.npmjs.org:443
87 silly fetchPackageMetaData     at errnoException (dns.js:28:10)
87 silly fetchPackageMetaData     at GetAddrInfoReqWrap.onlookup [as oncomplete] (dns.js:76:26)
87 silly fetchPackageMetaData   code: 'ENOTFOUND',
87 silly fetchPackageMetaData   errno: 'ENOTFOUND',
87 silly fetchPackageMetaData   syscall: 'getaddrinfo',
87 silly fetchPackageMetaData   hostname: 'registry.npmjs.org',
87 silly fetchPackageMetaData   host: 'registry.npmjs.org',
87 silly fetchPackageMetaData   port: 443 }
88 silly rollbackFailedOptional Starting
89 silly rollbackFailedOptional Finishing
90 silly runTopLevelLifecycles Finishing
91 silly install printInstalled
92 verbose stack Error: getaddrinfo ENOTFOUND registry.npmjs.org registry.npmjs.org:443
92 verbose stack     at errnoException (dns.js:28:10)
92 verbose stack     at GetAddrInfoReqWrap.onlookup [as oncomplete] (dns.js:76:26)
93 verbose cwd G:\文件\shengyizhuanjia-master
94 error Windows_NT 6.1.7601
95 error argv "F:\\03\\node\\node.exe" "F:\\03\\node\\node_modules\\npm\\bin\\npm-cli.js" "install"
96 error node v6.11.3
97 error npm  v3.10.10
98 error code ENOTFOUND
99 error errno ENOTFOUND
100 error syscall getaddrinfo
101 error network getaddrinfo ENOTFOUND registry.npmjs.org registry.npmjs.org:443
102 error network This is most likely not a problem with npm itself
102 error network and is related to network connectivity.
102 error network In most cases you are behind a proxy or have bad network settings.
102 error network
102 error network If you are behind a proxy, please make sure that the
102 error network 'proxy' config is set properly.  See: 'npm help config'
103 verbose exit [ 1, true ]
